<?xml version="1.0" encoding="UTF-8"?>
<!-- Generated by org.testng.reporters.JUnitXMLReporter -->
<testsuite ignored="0" hostname="NagarjunReddy" failures="1" tests="3" name="Test" time="11.692" errors="0" timestamp="26 Feb 2024 05:55:00 GMT">
  <testcase classname="io.cucumber.testng.AbstractTestNGCucumberTests" name="runScenario" time="3.874">
    <failure type="java.lang.Exception" message="Both actual and expcted messages are NOT equal...">
      <![CDATA[java.lang.Exception: Both actual and expcted messages are NOT equal...
at resources.Reusable.compareMessages(Reusable.java:229)
at pages.CartPage.completeOrder(CartPage.java:83)
at steps.Cart.i_complete_the_order(Cart.java:42)
at ✽.I complete the order(file:///D:/XTGlobal/CucumberFramework/src/test/java/features/Cart.feature:18)
]]>
    </failure>
  </testcase> <!-- runScenario -->
  <testcase classname="io.cucumber.testng.AbstractTestNGCucumberTests" name="runScenario" time="3.033"/>
  <testcase classname="io.cucumber.testng.AbstractTestNGCucumberTests" name="runScenario" time="2.543"/>
</testsuite> <!-- Test -->
