<?xml version="1.0" encoding="UTF-8"?>
<testng-results ignored="0" total="3" passed="3" failed="0" skipped="0">
  <reporter-output>
  </reporter-output>
  <suite started-at="2024-02-24T15:05:08Z" name="Suite" finished-at="2024-02-24T15:05:26Z" duration-ms="17963">
    <groups>
      <group name="cucumber">
        <method signature="AbstractTestNGCucumberTests.runScenario(io.cucumber.testng.PickleWrapper, io.cucumber.testng.FeatureWrapper)[pri:0, instance:runners.TestNGRunner@301eda63]" name="runScenario" class="io.cucumber.testng.AbstractTestNGCucumberTests"/>
      </group> <!-- cucumber -->
    </groups>
    <test started-at="2024-02-24T15:05:08Z" name="Test" finished-at="2024-02-24T15:05:26Z" duration-ms="17963">
      <class name="runners.TestNGRunner">
        <test-method is-config="true" signature="setUpClass(org.testng.ITestContext)[pri:0, instance:runners.TestNGRunner@301eda63]" started-at="2024-02-24T15:05:08Z" name="setUpClass" finished-at="2024-02-24T15:05:08Z" duration-ms="631" status="PASS">
          <params>
            <param index="0">
              <value>
                <![CDATA[org.testng.TestRunner@5d84e363]]>
              </value>
            </param>
          </params>
          <reporter-output>
          </reporter-output>
        </test-method> <!-- setUpClass -->
        <test-method signature="runScenario(io.cucumber.testng.PickleWrapper, io.cucumber.testng.FeatureWrapper)[pri:0, instance:runners.TestNGRunner@301eda63]" started-at="2024-02-24T15:05:08Z" name="runScenario" description="Runs Cucumber Scenarios" data-provider="scenarios" finished-at="2024-02-24T15:05:13Z" duration-ms="4339" status="PASS">
          <params>
            <param index="0">
              <value>
                <![CDATA["Verify the purchasing of a product"]]>
              </value>
            </param>
            <param index="1">
              <value>
                <![CDATA["Shopping Cart"]]>
              </value>
            </param>
          </params>
          <reporter-output>
          </reporter-output>
        </test-method> <!-- runScenario -->
        <test-method signature="runScenario(io.cucumber.testng.PickleWrapper, io.cucumber.testng.FeatureWrapper)[pri:0, instance:runners.TestNGRunner@301eda63]" started-at="2024-02-24T15:05:13Z" name="runScenario" description="Runs Cucumber Scenarios" data-provider="scenarios" finished-at="2024-02-24T15:05:16Z" duration-ms="3348" status="PASS">
          <params>
            <param index="0">
              <value>
                <![CDATA["Verify the login functionality with valid credentials"]]>
              </value>
            </param>
            <param index="1">
              <value>
                <![CDATA["Login"]]>
              </value>
            </param>
          </params>
          <reporter-output>
          </reporter-output>
        </test-method> <!-- runScenario -->
        <test-method signature="runScenario(io.cucumber.testng.PickleWrapper, io.cucumber.testng.FeatureWrapper)[pri:0, instance:runners.TestNGRunner@301eda63]" started-at="2024-02-24T15:05:16Z" name="runScenario" description="Runs Cucumber Scenarios" data-provider="scenarios" finished-at="2024-02-24T15:05:20Z" duration-ms="3753" status="PASS">
          <params>
            <param index="0">
              <value>
                <![CDATA["Verify the login functionality with invalid credentials"]]>
              </value>
            </param>
            <param index="1">
              <value>
                <![CDATA["Login"]]>
              </value>
            </param>
          </params>
          <reporter-output>
          </reporter-output>
        </test-method> <!-- runScenario -->
        <test-method is-config="true" signature="tearDownClass()[pri:0, instance:runners.TestNGRunner@301eda63]" started-at="2024-02-24T15:05:20Z" name="tearDownClass" finished-at="2024-02-24T15:05:26Z" duration-ms="5870" status="PASS">
          <reporter-output>
          </reporter-output>
        </test-method> <!-- tearDownClass -->
      </class> <!-- runners.TestNGRunner -->
    </test> <!-- Test -->
  </suite> <!-- Suite -->
</testng-results>
