<?xml version="1.0" encoding="UTF-8"?>
<!-- Generated by org.testng.reporters.JUnitReportReporter -->
<testsuite hostname="NagarjunReddy" failures="0" tests="3" name="runners.TestNGRunner" time="9.450" errors="1" timestamp="26 Feb 2024 05:55:00 GMT" skipped="0">
  <testcase classname="runners.TestNGRunner" name="runScenario" time="3.874">
    <error message="Both actual and expcted messages are NOT equal..." type="java.lang.Exception">
      <![CDATA[java.lang.Exception: Both actual and expcted messages are NOT equal...
at resources.Reusable.compareMessages(Reusable.java:229)
at pages.CartPage.completeOrder(CartPage.java:83)
at steps.Cart.i_complete_the_order(Cart.java:42)
at ✽.I complete the order(file:///D:/XTGlobal/CucumberFramework/src/test/java/features/Cart.feature:18)
]]>
    </error>
  </testcase> <!-- runScenario -->
  <testcase classname="runners.TestNGRunner" name="runScenario" time="3.033"/>
  <testcase classname="runners.TestNGRunner" name="runScenario" time="2.543"/>
</testsuite> <!-- runners.TestNGRunner -->
